<?xml version="1.0" encoding="UTF-8"?>
<!-- Generated by org.testng.reporters.JUnitXMLReporter -->
<testsuite ignored="0" hostname="LAPTOP-M1Q10SKF" failures="0" tests="8" name="Surefire test" time="5.697" errors="0" timestamp="2023-07-22T23:52:31 EET">
  <testcase classname="com.qacart.todo.testcases.UserTest" name="shouldBeAbleToRegister" time="4.082"/>
  <testcase classname="com.qacart.todo.testcases.UserTest" name="shouldNotBeAbleToLoginIfThePasswordIsNotCorrect" time="4.52"/>
  <testcase classname="com.qacart.todo.testcases.UserTest" name="shouldNotBeAbleToRegisterWithTheSameEmail" time="4.52"/>
  <testcase classname="com.qacart.todo.testcases.UserTest" name="shouldBeAbleToLogin" time="4.617"/>
  <testcase classname="com.qacart.todo.testcases.TodoTest" name="shouldNotBeAbleToAddTodoIfIsCompletedIsMissing" time="5.155"/>
  <testcase classname="com.qacart.todo.testcases.TodoTest" name="shouldBeAbleToAddTodo" time="5.206"/>
  <testcase classname="com.qacart.todo.testcases.TodoTest" name="shouldBeAbleToGetTodo" time="5.614"/>
  <testcase classname="com.qacart.todo.testcases.TodoTest" name="shouldBeAbleToDeleteTodo" time="5.646"/>
</testsuite> <!-- Surefire test -->
