<?xml version="1.0" encoding="UTF-8"?>
<testng-results ignored="0" total="8" passed="8" failed="0" skipped="0">
  <reporter-output>
  </reporter-output>
  <suite started-at="2023-07-22T23:52:25 EET" name="Surefire suite" finished-at="2023-07-22T23:52:31 EET" duration-ms="5697">
    <groups>
    </groups>
    <test started-at="2023-07-22T23:52:25 EET" name="Surefire test" finished-at="2023-07-22T23:52:31 EET" duration-ms="5697">
      <class name="com.qacart.todo.testcases.UserTest">
        <test-method signature="shouldBeAbleToRegister()[pri:0, instance:com.qacart.todo.testcases.UserTest@49912c99]" started-at="2023-07-22T23:52:25 EET" name="shouldBeAbleToRegister" finished-at="2023-07-22T23:52:29 EET" duration-ms="4082" status="PASS">
          <reporter-output>
          </reporter-output>
        </test-method> <!-- shouldBeAbleToRegister -->
        <test-method signature="shouldNotBeAbleToRegisterWithTheSameEmail()[pri:0, instance:com.qacart.todo.testcases.UserTest@49912c99]" started-at="2023-07-22T23:52:25 EET" name="shouldNotBeAbleToRegisterWithTheSameEmail" finished-at="2023-07-22T23:52:30 EET" duration-ms="4520" status="PASS">
          <reporter-output>
          </reporter-output>
        </test-method> <!-- shouldNotBeAbleToRegisterWithTheSameEmail -->
        <test-method signature="shouldBeAbleToLogin()[pri:0, instance:com.qacart.todo.testcases.UserTest@49912c99]" started-at="2023-07-22T23:52:25 EET" name="shouldBeAbleToLogin" finished-at="2023-07-22T23:52:30 EET" duration-ms="4617" status="PASS">
          <reporter-output>
          </reporter-output>
        </test-method> <!-- shouldBeAbleToLogin -->
        <test-method signature="shouldNotBeAbleToLoginIfThePasswordIsNotCorrect()[pri:0, instance:com.qacart.todo.testcases.UserTest@49912c99]" started-at="2023-07-22T23:52:25 EET" name="shouldNotBeAbleToLoginIfThePasswordIsNotCorrect" finished-at="2023-07-22T23:52:30 EET" duration-ms="4520" status="PASS">
          <reporter-output>
          </reporter-output>
        </test-method> <!-- shouldNotBeAbleToLoginIfThePasswordIsNotCorrect -->
      </class> <!-- com.qacart.todo.testcases.UserTest -->
      <class name="com.qacart.todo.testcases.TodoTest">
        <test-method signature="shouldBeAbleToAddTodo()[pri:0, instance:com.qacart.todo.testcases.TodoTest@649bec2e]" started-at="2023-07-22T23:52:25 EET" name="shouldBeAbleToAddTodo" finished-at="2023-07-22T23:52:31 EET" duration-ms="5206" status="PASS">
          <reporter-output>
          </reporter-output>
        </test-method> <!-- shouldBeAbleToAddTodo -->
        <test-method signature="shouldBeAbleToGetTodo()[pri:0, instance:com.qacart.todo.testcases.TodoTest@649bec2e]" started-at="2023-07-22T23:52:25 EET" name="shouldBeAbleToGetTodo" finished-at="2023-07-22T23:52:31 EET" duration-ms="5614" status="PASS">
          <reporter-output>
          </reporter-output>
        </test-method> <!-- shouldBeAbleToGetTodo -->
        <test-method signature="shouldBeAbleToDeleteTodo()[pri:0, instance:com.qacart.todo.testcases.TodoTest@649bec2e]" started-at="2023-07-22T23:52:25 EET" name="shouldBeAbleToDeleteTodo" finished-at="2023-07-22T23:52:31 EET" duration-ms="5646" status="PASS">
          <reporter-output>
          </reporter-output>
        </test-method> <!-- shouldBeAbleToDeleteTodo -->
        <test-method signature="shouldNotBeAbleToAddTodoIfIsCompletedIsMissing()[pri:0, instance:com.qacart.todo.testcases.TodoTest@649bec2e]" started-at="2023-07-22T23:52:25 EET" name="shouldNotBeAbleToAddTodoIfIsCompletedIsMissing" finished-at="2023-07-22T23:52:31 EET" duration-ms="5155" status="PASS">
          <reporter-output>
          </reporter-output>
        </test-method> <!-- shouldNotBeAbleToAddTodoIfIsCompletedIsMissing -->
      </class> <!-- com.qacart.todo.testcases.TodoTest -->
    </test> <!-- Surefire test -->
  </suite> <!-- Surefire suite -->
</testng-results>
