<?xml version="1.0" encoding="UTF-8"?>
<testsuite xmlns:xsi="http://www.w3.org/2001/XMLSchema-instance" xsi:noNamespaceSchemaLocation="https://maven.apache.org/surefire/maven-surefire-plugin/xsd/surefire-test-report-3.0.xsd" version="3.0" name="TestSuite" time="6.307" tests="8" errors="0" skipped="0" failures="0">
  <properties>
[...]
</properties>
  <testcase name="shouldBeAbleToRegister" classname="com.qacart.todo.testcases.UserTest" time="4.254">
    <system-out><![CDATA[Request method:	POST
Request URI:	https://qacart-todo.herokuapp.com/api/v1/users/register
Proxy:			<none>
Request params:	<none>
Query params:	<none>
Form params:	<none>
Path params:	<none>
Headers:		Accept=*/*
				Content-Type=application/json
Cookies:		<none>
Multiparts:		<none>
Body:
{
    "firstName": "Arron",
    "lastName": "Gleichner",
    "email": "stacy.bode@hotmail.com",
    "password": "iLikeTestAutomation"
}
Request method:	POST
Request URI:	https://qacart-todo.herokuapp.com/api/v1/users/register
Proxy:			<none>
Request params:	<none>
Query params:	<none>
Form params:	<none>
Path params:	<none>
Headers:		Accept=*/*
				Content-Type=application/json
Cookies:		<none>
Multiparts:		<none>
Body:
{
    "firstName": "Kendal",
    "lastName": "Hansen",
    "email": "tanner.graham@yahoo.com",
    "password": "iLikeTestAutomation"
}
Request method:	POST
Request URI:	https://qacart-todo.herokuapp.com/api/v1/users/register
Proxy:			<none>
Request params:	<none>
Query params:	<none>
Form params:	<none>
Path params:	<none>
Headers:		Accept=*/*
				Content-Type=application/json
Cookies:		<none>
Multiparts:		<none>
Body:
{
    "firstName": "Jim",
    "lastName": "Erdman",
    "email": "francisca.macejkovic@gmail.com",
    "password": "iLikeTestAutomation"
}
Request method:	POST
Request URI:	https://qacart-todo.herokuapp.com/api/v1/users/register
Proxy:			<none>
Request params:	<none>
Query params:	<none>
Form params:	<none>
Path params:	<none>
Headers:		Accept=*/*
				Content-Type=application/json
Cookies:		<none>
Multiparts:		<none>
Body:
{
    "firstName": "Sima",
    "lastName": "Koelpin",
    "email": "juanita.hamill@gmail.com",
    "password": "iLikeTestAutomation"
}
Request method:	POST
Request URI:	https://qacart-todo.herokuapp.com/api/v1/users/register
Proxy:			<none>
Request params:	<none>
Query params:	<none>
Form params:	<none>
Path params:	<none>
Headers:		Accept=*/*
				Content-Type=application/json
Cookies:		<none>
Multiparts:		<none>
Body:
{
    "firstName": "Hattie",
    "lastName": "Hane",
    "email": "kiara.hirthe@hotmail.com",
    "password": "iLikeTestAutomation"
}
Request method:	POST
Request URI:	https://qacart-todo.herokuapp.com/api/v1/users/register
Proxy:			<none>
Request params:	<none>
Query params:	<none>
Form params:	<none>
Path params:	<none>
Headers:		Accept=*/*
				Content-Type=application/json
Cookies:		<none>
Multiparts:		<none>
Body:
{
    "firstName": "Tynisha",
    "lastName": "Vandervort",
    "email": "virgilio.swaniawski@gmail.com",
    "password": "iLikeTestAutomation"
}
Request method:	POST
Request URI:	https://qacart-todo.herokuapp.com/api/v1/users/register
Proxy:			<none>
Request params:	<none>
Query params:	<none>
Form params:	<none>
Path params:	<none>
Headers:		Accept=*/*
				Content-Type=application/json
Cookies:		<none>
Multiparts:		<none>
Body:
{
    "firstName": "Edmundo",
    "lastName": "Lebsack",
    "email": "pasquale.mueller@yahoo.com",
    "password": "iLikeTestAutomation"
}
Request method:	POST
Request URI:	https://qacart-todo.herokuapp.com/api/v1/users/register
Proxy:			<none>
Request params:	<none>
Query params:	<none>
Form params:	<none>
Path params:	<none>
Headers:		Accept=*/*
				Content-Type=application/json
Cookies:		<none>
Multiparts:		<none>
Body:
{
    "firstName": "Tien",
    "lastName": "Smith",
    "email": "mickey.roberts@gmail.com",
    "password": "iLikeTestAutomation"
}
HTTP/1.1 201 Created
Server: Cowboy
Connection: keep-alive
X-Powered-By: Express
Access-Control-Allow-Origin: *
Set-Cookie: access_token=eyJhbGciOiJIUzI1NiIsInR5cCI6IkpXVCJ9.eyJpZCI6IjY0YmM0ZjllMGRmNjAxMDAxNDA4YjQ2YiIsImZpcnN0TmFtZSI6IlRpZW4iLCJsYXN0TmFtZSI6IlNtaXRoIiwiaWF0IjoxNjkwMDYyNzUwfQ.ingIA3hZ1fo1505sKRjMlBt_XhHdFqhE2yd_hZefhC0; Path=/
Set-Cookie: userID=j%3A%2264bc4f9e0df601001408b46b%22; Path=/
Set-Cookie: firstName=Tien; Path=/
Content-Type: application/json; charset=utf-8
Content-Length: 273
Etag: W/"111-5YKls/z2MeFPkFlW/G+IM783W/M"
Date: Sat, 22 Jul 2023 21:52:30 GMT
Via: 1.1 vegur

{
    "access_token": "eyJhbGciOiJIUzI1NiIsInR5cCI6IkpXVCJ9.eyJpZCI6IjY0YmM0ZjllMGRmNjAxMDAxNDA4YjQ2YiIsImZpcnN0TmFtZSI6IlRpZW4iLCJsYXN0TmFtZSI6IlNtaXRoIiwiaWF0IjoxNjkwMDYyNzUwfQ.ingIA3hZ1fo1505sKRjMlBt_XhHdFqhE2yd_hZefhC0",
    "userID": "64bc4f9e0df601001408b46b",
    "firstName": "Tien"
}
HTTP/1.1 201 Created
Server: Cowboy
Connection: keep-alive
X-Powered-By: Express
Access-Control-Allow-Origin: *
Set-Cookie: access_token=eyJhbGciOiJIUzI1NiIsInR5cCI6IkpXVCJ9.eyJpZCI6IjY0YmM0ZjllMGRmNjAxMDAxNDA4YjQ2NyIsImZpcnN0TmFtZSI6IkhhdHRpZSIsImxhc3ROYW1lIjoiSGFuZSIsImlhdCI6MTY5MDA2Mjc1MH0.ShQ73sTGTZ8zsRHKF1TBceF0WAegASXdYPhy3HrtGMc; Path=/
Set-Cookie: userID=j%3A%2264bc4f9e0df601001408b467%22; Path=/
Set-Cookie: firstName=Hattie; Path=/
Content-Type: application/json; charset=utf-8
Content-Length: 276
Etag: W/"114-Hn+AhmpNMeLnsSowyf8JKy486VU"
Date: Sat, 22 Jul 2023 21:52:30 GMT
Via: 1.1 vegur

{
    "access_token": "eyJhbGciOiJIUzI1NiIsInR5cCI6IkpXVCJ9.eyJpZCI6IjY0YmM0ZjllMGRmNjAxMDAxNDA4YjQ2NyIsImZpcnN0TmFtZSI6IkhhdHRpZSIsImxhc3ROYW1lIjoiSGFuZSIsImlhdCI6MTY5MDA2Mjc1MH0.ShQ73sTGTZ8zsRHKF1TBceF0WAegASXdYPhy3HrtGMc",
    "userID": "64bc4f9e0df601001408b467",
    "firstName": "Hattie"
}
HTTP/1.1 201 Created
Server: Cowboy
Connection: keep-alive
X-Powered-By: Express
Access-Control-Allow-Origin: *
Set-Cookie: access_token=eyJhbGciOiJIUzI1NiIsInR5cCI6IkpXVCJ9.eyJpZCI6IjY0YmM0ZjllMGRmNjAxMDAxNDA4YjQ2ZCIsImZpcnN0TmFtZSI6IktlbmRhbCIsImxhc3ROYW1lIjoiSGFuc2VuIiwiaWF0IjoxNjkwMDYyNzUwfQ.xFGGVhnQrh3HfKiRoX5PI7BlzMRdBEI_JHFnVqwEe80; Path=/
Set-Cookie: userID=j%3A%2264bc4f9e0df601001408b46d%22; Path=/
Set-Cookie: firstName=Kendal; Path=/
Content-Type: application/json; charset=utf-8
Content-Length: 279
Etag: W/"117-SKAxZncT18CTdzZsMZjadQjNMAw"
Date: Sat, 22 Jul 2023 21:52:30 GMT
Via: 1.1 vegur

{
    "access_token": "eyJhbGciOiJIUzI1NiIsInR5cCI6IkpXVCJ9.eyJpZCI6IjY0YmM0ZjllMGRmNjAxMDAxNDA4YjQ2ZCIsImZpcnN0TmFtZSI6IktlbmRhbCIsImxhc3ROYW1lIjoiSGFuc2VuIiwiaWF0IjoxNjkwMDYyNzUwfQ.xFGGVhnQrh3HfKiRoX5PI7BlzMRdBEI_JHFnVqwEe80",
    "userID": "64bc4f9e0df601001408b46d",
    "firstName": "Kendal"
}
HTTP/1.1 201 Created
Server: Cowboy
Connection: keep-alive
X-Powered-By: Express
Access-Control-Allow-Origin: *
Set-Cookie: access_token=eyJhbGciOiJIUzI1NiIsInR5cCI6IkpXVCJ9.eyJpZCI6IjY0YmM0ZjllMGRmNjAxMDAxNDA4YjQ2ZiIsImZpcnN0TmFtZSI6IlR5bmlzaGEiLCJsYXN0TmFtZSI6IlZhbmRlcnZvcnQiLCJpYXQiOjE2OTAwNjI3NTB9.QojOF9ZxLVvQBeCMU-qcG82fsGSCMVK2QtdSX0M9irk; Path=/
Set-Cookie: userID=j%3A%2264bc4f9e0df601001408b46f%22; Path=/
Set-Cookie: firstName=Tynisha; Path=/
Content-Type: application/json; charset=utf-8
Content-Length: 286
Etag: W/"11e-cGXAqrrue9F8O6G01NMt9V9/YY8"
Date: Sat, 22 Jul 2023 21:52:30 GMT
Via: 1.1 vegur

{
    "access_token": "eyJhbGciOiJIUzI1NiIsInR5cCI6IkpXVCJ9.eyJpZCI6IjY0YmM0ZjllMGRmNjAxMDAxNDA4YjQ2ZiIsImZpcnN0TmFtZSI6IlR5bmlzaGEiLCJsYXN0TmFtZSI6IlZhbmRlcnZvcnQiLCJpYXQiOjE2OTAwNjI3NTB9.QojOF9ZxLVvQBeCMU-qcG82fsGSCMVK2QtdSX0M9irk",
    "userID": "64bc4f9e0df601001408b46f",
    "firstName": "Tynisha"
}
HTTP/1.1 201 Created
Server: Cowboy
Connection: keep-alive
X-Powered-By: Express
Access-Control-Allow-Origin: *
Set-Cookie: access_token=eyJhbGciOiJIUzI1NiIsInR5cCI6IkpXVCJ9.eyJpZCI6IjY0YmM0ZjllMGRmNjAxMDAxNDA4YjQ2OSIsImZpcnN0TmFtZSI6IlNpbWEiLCJsYXN0TmFtZSI6IktvZWxwaW4iLCJpYXQiOjE2OTAwNjI3NTB9.76hpjuPelLWA3vDCYuxi0YzxFpMi5Wyz5wA0HHEyvrQ; Path=/
Set-Cookie: userID=j%3A%2264bc4f9e0df601001408b469%22; Path=/
Set-Cookie: firstName=Sima; Path=/
Content-Type: application/json; charset=utf-8
Content-Length: 275
Etag: W/"113-aDjC2jLj6S7N1IebNiRLCuxV6QA"
Date: Sat, 22 Jul 2023 21:52:30 GMT
Via: 1.1 vegur

{
    "access_token": "eyJhbGciOiJIUzI1NiIsInR5cCI6IkpXVCJ9.eyJpZCI6IjY0YmM0ZjllMGRmNjAxMDAxNDA4YjQ2OSIsImZpcnN0TmFtZSI6IlNpbWEiLCJsYXN0TmFtZSI6IktvZWxwaW4iLCJpYXQiOjE2OTAwNjI3NTB9.76hpjuPelLWA3vDCYuxi0YzxFpMi5Wyz5wA0HHEyvrQ",
    "userID": "64bc4f9e0df601001408b469",
    "firstName": "Sima"
}
HTTP/1.1 201 Created
Server: Cowboy
Connection: keep-alive
X-Powered-By: Express
Access-Control-Allow-Origin: *
Set-Cookie: access_token=eyJhbGciOiJIUzI1NiIsInR5cCI6IkpXVCJ9.eyJpZCI6IjY0YmM0ZjllMGRmNjAxMDAxNDA4YjQ2MyIsImZpcnN0TmFtZSI6IkppbSIsImxhc3ROYW1lIjoiRXJkbWFuIiwiaWF0IjoxNjkwMDYyNzUwfQ.pemRMBepQW51Dt7dp9Pu2cg_R5caWzgoHSTTodw8Zbw; Path=/
Set-Cookie: userID=j%3A%2264bc4f9e0df601001408b463%22; Path=/
Set-Cookie: firstName=Jim; Path=/
Content-Type: application/json; charset=utf-8
Content-Length: 272
Etag: W/"110-oeCEegU5h5yQuZ3/08j8TFnlP+w"
Date: Sat, 22 Jul 2023 21:52:30 GMT
Via: 1.1 vegur

{
    "access_token": "eyJhbGciOiJIUzI1NiIsInR5cCI6IkpXVCJ9.eyJpZCI6IjY0YmM0ZjllMGRmNjAxMDAxNDA4YjQ2MyIsImZpcnN0TmFtZSI6IkppbSIsImxhc3ROYW1lIjoiRXJkbWFuIiwiaWF0IjoxNjkwMDYyNzUwfQ.pemRMBepQW51Dt7dp9Pu2cg_R5caWzgoHSTTodw8Zbw",
    "userID": "64bc4f9e0df601001408b463",
    "firstName": "Jim"
}
HTTP/1.1 201 Created
Server: Cowboy
Connection: keep-alive
X-Powered-By: Express
Access-Control-Allow-Origin: *
Set-Cookie: access_token=eyJhbGciOiJIUzI1NiIsInR5cCI6IkpXVCJ9.eyJpZCI6IjY0YmM0ZjllMGRmNjAxMDAxNDA4YjQ2NSIsImZpcnN0TmFtZSI6IkVkbXVuZG8iLCJsYXN0TmFtZSI6IkxlYnNhY2siLCJpYXQiOjE2OTAwNjI3NTB9.NGnXbsjWGcNQaP3m9URcuo1Ff-XWcsU6A27vwtzpIv0; Path=/
Set-Cookie: userID=j%3A%2264bc4f9e0df601001408b465%22; Path=/
Set-Cookie: firstName=Edmundo; Path=/
Content-Type: application/json; charset=utf-8
Content-Length: 282
Etag: W/"11a-pCs1wTxgxfHQ+zoP0pZheIzGPYs"
Date: Sat, 22 Jul 2023 21:52:30 GMT
Via: 1.1 vegur

{
    "access_token": "eyJhbGciOiJIUzI1NiIsInR5cCI6IkpXVCJ9.eyJpZCI6IjY0YmM0ZjllMGRmNjAxMDAxNDA4YjQ2NSIsImZpcnN0TmFtZSI6IkVkbXVuZG8iLCJsYXN0TmFtZSI6IkxlYnNhY2siLCJpYXQiOjE2OTAwNjI3NTB9.NGnXbsjWGcNQaP3m9URcuo1Ff-XWcsU6A27vwtzpIv0",
    "userID": "64bc4f9e0df601001408b465",
    "firstName": "Edmundo"
}
HTTP/1.1 201 Created
Server: Cowboy
Connection: keep-alive
X-Powered-By: Express
Access-Control-Allow-Origin: *
Set-Cookie: access_token=eyJhbGciOiJIUzI1NiIsInR5cCI6IkpXVCJ9.eyJpZCI6IjY0YmM0ZjllMGRmNjAxMDAxNDA4YjQ2MSIsImZpcnN0TmFtZSI6IkFycm9uIiwibGFzdE5hbWUiOiJHbGVpY2huZXIiLCJpYXQiOjE2OTAwNjI3NTB9.bkmpNtpaq2aOBBSW8HUNdJ2fp8Wbi8CSDC7LlfVz45U; Path=/
Set-Cookie: userID=j%3A%2264bc4f9e0df601001408b461%22; Path=/
Set-Cookie: firstName=Arron; Path=/
Content-Type: application/json; charset=utf-8
Content-Length: 280
Etag: W/"118-bnBDzue9tmGiSKmU9VblosYzTKM"
Date: Sat, 22 Jul 2023 21:52:30 GMT
Via: 1.1 vegur

{
    "access_token": "eyJhbGciOiJIUzI1NiIsInR5cCI6IkpXVCJ9.eyJpZCI6IjY0YmM0ZjllMGRmNjAxMDAxNDA4YjQ2MSIsImZpcnN0TmFtZSI6IkFycm9uIiwibGFzdE5hbWUiOiJHbGVpY2huZXIiLCJpYXQiOjE2OTAwNjI3NTB9.bkmpNtpaq2aOBBSW8HUNdJ2fp8Wbi8CSDC7LlfVz45U",
    "userID": "64bc4f9e0df601001408b461",
    "firstName": "Arron"
}
Request method:	POST
Request URI:	https://qacart-todo.herokuapp.com/api/v1/users/register
Proxy:			<none>
Request params:	<none>
Query params:	<none>
Form params:	<none>
Path params:	<none>
Headers:		Accept=*/*
				Content-Type=application/json
Cookies:		<none>
Multiparts:		<none>
Body:
{
    "firstName": "Hattie",
    "lastName": "Hane",
    "email": "kiara.hirthe@hotmail.com",
    "password": "iLikeTestAutomation"
}
Request method:	POST
Request URI:	https://qacart-todo.herokuapp.com/api/v1/users/login
Proxy:			<none>
Request params:	<none>
Query params:	<none>
Form params:	<none>
Path params:	<none>
Headers:		Accept=*/*
				Content-Type=application/json
Cookies:		<none>
Multiparts:		<none>
Body:
{
    "email": "virgilio.swaniawski@gmail.com",
    "password": "wrongPassword"
}
Request method:	POST
Request URI:	https://qacart-todo.herokuapp.com/api/v1/users/login
Proxy:			<none>
Request params:	<none>
Query params:	<none>
Form params:	<none>
Path params:	<none>
Headers:		Accept=*/*
				Content-Type=application/json
Cookies:		<none>
Multiparts:		<none>
Body:
{
    "email": "francisca.macejkovic@gmail.com",
    "password": "iLikeTestAutomation"
}
]]></system-out>
    <system-err><![CDATA[SLF4J: Failed to load class "org.slf4j.impl.StaticLoggerBinder".
SLF4J: Defaulting to no-operation (NOP) logger implementation
SLF4J: See http://www.slf4j.org/codes.html#StaticLoggerBinder for further details.
]]></system-err>
  </testcase>
  <testcase name="shouldNotBeAbleToLoginIfThePasswordIsNotCorrect" classname="com.qacart.todo.testcases.UserTest" time="4.522">
    <system-out><![CDATA[HTTP/1.1 400 Bad Request
Server: Cowboy
Connection: keep-alive
X-Powered-By: Express
Access-Control-Allow-Origin: *
Content-Type: application/json; charset=utf-8
Content-Length: 53
Etag: W/"35-dsxV0+vy1L0TgNQY0Spaqv/j9fw"
Date: Sat, 22 Jul 2023 21:52:31 GMT
Via: 1.1 vegur

{
    "message": "Email is already exists in the Database"
}
HTTP/1.1 401 Unauthorized
Server: Cowboy
Connection: keep-alive
X-Powered-By: Express
Access-Control-Allow-Origin: *
Content-Type: application/json; charset=utf-8
Content-Length: 105
Etag: W/"69-+ROAeTYdLtKREH6azCyNv++b54o"
Date: Sat, 22 Jul 2023 21:52:31 GMT
Via: 1.1 vegur

{
    "message": "The email and password combination is not correct, please fill a correct email and password"
}
]]></system-out>
  </testcase>
  <testcase name="shouldNotBeAbleToRegisterWithTheSameEmail" classname="com.qacart.todo.testcases.UserTest" time="4.523"/>
  <testcase name="shouldBeAbleToLogin" classname="com.qacart.todo.testcases.UserTest" time="4.617">
    <system-out><![CDATA[HTTP/1.1 200 OK
Server: Cowboy
Connection: keep-alive
X-Powered-By: Express
Access-Control-Allow-Origin: *
Set-Cookie: access_token=eyJhbGciOiJIUzI1NiIsInR5cCI6IkpXVCJ9.eyJpZCI6IjY0YmM0ZjllMGRmNjAxMDAxNDA4YjQ2MyIsImZpcnN0TmFtZSI6IkppbSIsImxhc3ROYW1lIjoiRXJkbWFuIiwiaWF0IjoxNjkwMDYyNzUxfQ.7UetMDRqd1SJm5d7oOO269WsmFrthdxa4S6B0MqGuAg; Path=/
Set-Cookie: userID=j%3A%2264bc4f9e0df601001408b463%22; Path=/
Set-Cookie: firstName=Jim; Path=/
Content-Type: application/json; charset=utf-8
Content-Length: 272
Etag: W/"110-r/GX+eujAPPZDGG6+73in7Hd9Cw"
Date: Sat, 22 Jul 2023 21:52:31 GMT
Via: 1.1 vegur

{
    "access_token": "eyJhbGciOiJIUzI1NiIsInR5cCI6IkpXVCJ9.eyJpZCI6IjY0YmM0ZjllMGRmNjAxMDAxNDA4YjQ2MyIsImZpcnN0TmFtZSI6IkppbSIsImxhc3ROYW1lIjoiRXJkbWFuIiwiaWF0IjoxNjkwMDYyNzUxfQ.7UetMDRqd1SJm5d7oOO269WsmFrthdxa4S6B0MqGuAg",
    "userID": "64bc4f9e0df601001408b463",
    "firstName": "Jim"
}
]]></system-out>
  </testcase>
  <testcase name="shouldNotBeAbleToAddTodoIfIsCompletedIsMissing" classname="com.qacart.todo.testcases.TodoTest" time="5.152">
    <system-out><![CDATA[Request method:	POST
Request URI:	https://qacart-todo.herokuapp.com/api/v1/tasks
Proxy:			<none>
Request params:	<none>
Query params:	<none>
Form params:	<none>
Path params:	<none>
Headers:		Accept=*/*
				Content-Type=application/json
Cookies:		<none>
Multiparts:		<none>
Body:
{
    "item": "Blue Remembered Earth",
    "isCompleted": false
}
Request method:	POST
Request URI:	https://qacart-todo.herokuapp.com/api/v1/tasks
Proxy:			<none>
Request params:	<none>
Query params:	<none>
Form params:	<none>
Path params:	<none>
Headers:		Accept=*/*
				Content-Type=application/json
Cookies:		<none>
Multiparts:		<none>
Body:
{
    "item": "Waiting for the Barbarians",
    "isCompleted": false
}
Request method:	POST
Request URI:	https://qacart-todo.herokuapp.com/api/v1/tasks
Proxy:			<none>
Request params:	<none>
Query params:	<none>
Form params:	<none>
Path params:	<none>
Headers:		Accept=*/*
				Content-Type=application/json
Cookies:		<none>
Multiparts:		<none>
Body:
{
    "item": "learn Appuim"
}
Request method:	POST
Request URI:	https://qacart-todo.herokuapp.com/api/v1/tasks
Proxy:			<none>
Request params:	<none>
Query params:	<none>
Form params:	<none>
Path params:	<none>
Headers:		Accept=*/*
				Content-Type=application/json
Cookies:		<none>
Multiparts:		<none>
Body:
{
    "item": "A Glass of Blessings",
    "isCompleted": false
}
HTTP/1.1 400 Bad Request
Server: Cowboy
Connection: keep-alive
X-Powered-By: Express
Access-Control-Allow-Origin: *
Content-Type: application/json; charset=utf-8
Content-Length: 41
Etag: W/"29-6r/RqTsrv9UltwKyzcuXEXN5hS4"
Date: Sat, 22 Jul 2023 21:52:32 GMT
Via: 1.1 vegur

{
    "message": "\"isCompleted\" is required"
}
]]></system-out>
  </testcase>
  <testcase name="shouldBeAbleToAddTodo" classname="com.qacart.todo.testcases.TodoTest" time="5.206">
    <system-out><![CDATA[HTTP/1.1 201 Created
Server: Cowboy
Connection: keep-alive
X-Powered-By: Express
Access-Control-Allow-Origin: *
Content-Type: application/json; charset=utf-8
Content-Length: 173
Etag: W/"ad-I4Sd8ZeaDE+9I1cFyz1xpm+0fzg"
Date: Sat, 22 Jul 2023 21:52:32 GMT
Via: 1.1 vegur

{
    "isCompleted": false,
    "_id": "64bc4fa00df601001408b474",
    "item": "Waiting for the Barbarians",
    "userID": "64bc4f9e0df601001408b465",
    "createdAt": "2023-07-22T21:52:32.041Z",
    "__v": 0
}
HTTP/1.1 201 Created
Server: Cowboy
Connection: keep-alive
X-Powered-By: Express
Access-Control-Allow-Origin: *
Content-Type: application/json; charset=utf-8
Content-Length: 168
Etag: W/"a8-ZvmCMRr3/bqeWK8WTDqK5iixKyo"
Date: Sat, 22 Jul 2023 21:52:32 GMT
Via: 1.1 vegur

{
    "isCompleted": false,
    "_id": "64bc4fa00df601001408b476",
    "item": "Blue Remembered Earth",
    "userID": "64bc4f9e0df601001408b46b",
    "createdAt": "2023-07-22T21:52:32.044Z",
    "__v": 0
}
HTTP/1.1 201 Created
Server: Cowboy
Connection: keep-alive
X-Powered-By: Express
Access-Control-Allow-Origin: *
Content-Type: application/json; charset=utf-8
Content-Length: 167
Etag: W/"a7-mPSPb5TJsAjwZ6cczvnjnbLknx4"
Date: Sat, 22 Jul 2023 21:52:32 GMT
Via: 1.1 vegur

{
    "isCompleted": false,
    "_id": "64bc4fa00df601001408b478",
    "item": "A Glass of Blessings",
    "userID": "64bc4f9e0df601001408b469",
    "createdAt": "2023-07-22T21:52:32.046Z",
    "__v": 0
}
]]></system-out>
  </testcase>
  <testcase name="shouldBeAbleToGetTodo" classname="com.qacart.todo.testcases.TodoTest" time="5.611">
    <system-out><![CDATA[Request method:	DELETE
Request URI:	https://qacart-todo.herokuapp.com/api/v1/tasks/64bc4fa00df601001408b478
Proxy:			<none>
Request params:	<none>
Query params:	<none>
Form params:	<none>
Path params:	<none>
Headers:		Accept=*/*
				Content-Type=application/json
Cookies:		<none>
Multiparts:		<none>
Body:			<none>
Request method:	GET
Request URI:	https://qacart-todo.herokuapp.com/api/v1/tasks/64bc4fa00df601001408b474
Proxy:			<none>
Request params:	<none>
Query params:	<none>
Form params:	<none>
Path params:	<none>
Headers:		Accept=*/*
				Content-Type=application/json
Cookies:		<none>
Multiparts:		<none>
Body:			<none>
HTTP/1.1 200 OK
Server: Cowboy
Connection: keep-alive
X-Powered-By: Express
Access-Control-Allow-Origin: *
Content-Type: application/json; charset=utf-8
Content-Length: 173
Etag: W/"ad-I4Sd8ZeaDE+9I1cFyz1xpm+0fzg"
Date: Sat, 22 Jul 2023 21:52:32 GMT
Via: 1.1 vegur

{
    "isCompleted": false,
    "_id": "64bc4fa00df601001408b474",
    "item": "Waiting for the Barbarians",
    "userID": "64bc4f9e0df601001408b465",
    "createdAt": "2023-07-22T21:52:32.041Z",
    "__v": 0
}
]]></system-out>
  </testcase>
  <testcase name="shouldBeAbleToDeleteTodo" classname="com.qacart.todo.testcases.TodoTest" time="5.646">
    <system-out><![CDATA[HTTP/1.1 200 OK
Server: Cowboy
Connection: keep-alive
X-Powered-By: Express
Access-Control-Allow-Origin: *
Content-Type: application/json; charset=utf-8
Content-Length: 167
Etag: W/"a7-mPSPb5TJsAjwZ6cczvnjnbLknx4"
Date: Sat, 22 Jul 2023 21:52:32 GMT
Via: 1.1 vegur

{
    "isCompleted": false,
    "_id": "64bc4fa00df601001408b478",
    "item": "A Glass of Blessings",
    "userID": "64bc4f9e0df601001408b469",
    "createdAt": "2023-07-22T21:52:32.046Z",
    "__v": 0
}
]]></system-out>
  </testcase>
</testsuite>